2021-02-07 13:24:57.819  INFO 22264 --- [main] c.d.product.ProductApplication           : Starting ProductApplication using Java 1.8.0_261 on BDC8-LX-G01ERP0 with PID 22264 (C:\Users\dinesh.sunku.kumar\Desktop\Disney Documents\Dinesh\Shopping cart\product\target\classes started by dinesh.sunku.kumar in C:\Users\dinesh.sunku.kumar\Desktop\Disney Documents\Dinesh\Shopping cart\product)
2021-02-07 13:24:57.843  INFO 22264 --- [main] c.d.product.ProductApplication           : The following profiles are active: local
2021-02-07 13:24:59.695  INFO 22264 --- [main] .s.d.r.c.RepositoryConfigurationDelegate : Bootstrapping Spring Data MongoDB repositories in DEFAULT mode.
2021-02-07 13:24:59.842  INFO 22264 --- [main] .s.d.r.c.RepositoryConfigurationDelegate : Finished Spring Data repository scanning in 138 ms. Found 1 MongoDB repository interfaces.
2021-02-07 13:25:00.668  INFO 22264 --- [main] o.s.b.w.embedded.tomcat.TomcatWebServer  : Tomcat initialized with port(s): 9091 (http)
2021-02-07 13:25:00.689  INFO 22264 --- [main] o.apache.catalina.core.StandardService   : Starting service [Tomcat]
2021-02-07 13:25:00.690  INFO 22264 --- [main] org.apache.catalina.core.StandardEngine  : Starting Servlet engine: [Apache Tomcat/9.0.41]
2021-02-07 13:25:01.213  INFO 22264 --- [main] o.a.c.c.C.[Tomcat].[localhost].[/]       : Initializing Spring embedded WebApplicationContext
2021-02-07 13:25:01.214  INFO 22264 --- [main] w.s.c.ServletWebServerApplicationContext : Root WebApplicationContext: initialization completed in 3265 ms
2021-02-07 13:25:02.198  INFO 22264 --- [main] org.mongodb.driver.cluster               : Cluster created with settings {hosts=[localhost:27017], mode=SINGLE, requiredClusterType=UNKNOWN, serverSelectionTimeout='30000 ms'}
2021-02-07 13:25:02.406  INFO 22264 --- [cluster-ClusterId{value='601f9cd6ce9608117cc0a7b4', description='null'}-localhost:27017] org.mongodb.driver.connection            : Opened connection [connectionId{localValue:1, serverValue:2}] to localhost:27017
2021-02-07 13:25:02.406  INFO 22264 --- [cluster-rtt-ClusterId{value='601f9cd6ce9608117cc0a7b4', description='null'}-localhost:27017] org.mongodb.driver.connection            : Opened connection [connectionId{localValue:2, serverValue:1}] to localhost:27017
2021-02-07 13:25:02.408  INFO 22264 --- [cluster-ClusterId{value='601f9cd6ce9608117cc0a7b4', description='null'}-localhost:27017] org.mongodb.driver.cluster               : Monitor thread successfully connected to server with description ServerDescription{address=localhost:27017, type=STANDALONE, state=CONNECTED, ok=true, minWireVersion=0, maxWireVersion=9, maxDocumentSize=16777216, logicalSessionTimeoutMinutes=30, roundTripTimeNanos=72788100}
2021-02-07 13:25:03.359  INFO 22264 --- [main] o.s.s.concurrent.ThreadPoolTaskExecutor  : Initializing ExecutorService 'applicationTaskExecutor'
2021-02-07 13:25:03.817  INFO 22264 --- [main] o.s.s.c.ThreadPoolTaskScheduler          : Initializing ExecutorService
2021-02-07 13:25:03.908  INFO 22264 --- [main] o.s.b.a.e.web.EndpointLinksResolver      : Exposing 15 endpoint(s) beneath base path '/actuator'
2021-02-07 13:25:04.024  INFO 22264 --- [main] o.s.b.w.embedded.tomcat.TomcatWebServer  : Tomcat started on port(s): 9091 (http) with context path ''
2021-02-07 13:25:04.049  INFO 22264 --- [main] c.d.product.ProductApplication           : Started ProductApplication in 7.244 seconds (JVM running for 10.118)
2021-02-07 13:25:04.418  INFO 22264 --- [registrationTask1] d.c.b.a.c.r.ApplicationRegistrator       : Application registered itself as 1a08b0019bd0
2021-02-07 13:25:04.634  INFO 22264 --- [http-nio-9091-exec-1] o.a.c.c.C.[Tomcat].[localhost].[/]       : Initializing Spring DispatcherServlet 'dispatcherServlet'
2021-02-07 13:25:04.634  INFO 22264 --- [http-nio-9091-exec-1] o.s.web.servlet.DispatcherServlet        : Initializing Servlet 'dispatcherServlet'
2021-02-07 13:25:04.636  INFO 22264 --- [http-nio-9091-exec-1] o.s.web.servlet.DispatcherServlet        : Completed initialization in 2 ms
2021-02-07 13:25:04.787  INFO 22264 --- [http-nio-9091-exec-2] org.mongodb.driver.connection            : Opened connection [connectionId{localValue:4, serverValue:3}] to localhost:27017
2021-02-07 13:25:04.788  INFO 22264 --- [http-nio-9091-exec-1] org.mongodb.driver.connection            : Opened connection [connectionId{localValue:3, serverValue:4}] to localhost:27017
